<?xml version="1.0" encoding="UTF-8"?>
<testsuite name="Task2Test" tests="1" skipped="0" failures="0" errors="0" timestamp="2020-09-09T18:18:37" hostname="DESKTOP-A82CK7U" time="0.446">
  <properties/>
  <testcase name="start" classname="Task2Test" time="0.446"/>
  <system-out><![CDATA[?[1;31m
Start test 1?[0m
Enter a number of kilometers:> 25
25 kilometers is 25000 meters
?[1;31m
Start test 2?[0m
Enter a number of kilometers:> 26
26 kilometers is 26000 meters
?[1;31m
Start test 3?[0m
Enter a number of kilometers:> 13
13 kilometers is 13000 meters
]]></system-out>
  <system-err><![CDATA[]]></system-err>
</testsuite>
